<?xml version="1.0" encoding="UTF-8"?>
<testng-results ignored="0" total="6" passed="5" failed="1" skipped="0">
  <reporter-output>
  </reporter-output>
  <suite started-at="2022-02-01T14:36:09 IST" name="Suite" finished-at="2022-02-01T14:41:52 IST" duration-ms="342732">
    <groups>
    </groups>
    <test started-at="2022-02-01T14:36:09 IST" name="Test" finished-at="2022-02-01T14:41:52 IST" duration-ms="342732">
      <class name="Read_Capcha.Handle_Capcha_5">
        <test-method signature="test()[pri:0, instance:Read_Capcha.Handle_Capcha_5@4961f6af]" started-at="2022-02-01T14:37:17 IST" name="test" finished-at="2022-02-01T14:38:11 IST" duration-ms="54366" status="PASS">
          <reporter-output>
          </reporter-output>
        </test-method> <!-- test -->
      </class> <!-- Read_Capcha.Handle_Capcha_5 -->
      <class name="Read_Capcha.Handle_Captcha_7">
        <test-method signature="test()[pri:0, instance:Read_Capcha.Handle_Captcha_7@75db5df9]" started-at="2022-02-01T14:40:43 IST" name="test" finished-at="2022-02-01T14:41:52 IST" duration-ms="68852" status="FAIL">
          <exception class="org.openqa.selenium.NoSuchElementException">
            <message>
              <![CDATA[Unable to find element with locator By.xpath: //*[@id="rc-imageselect-target"]/table/tbody/tr[4]/td[1]/div/div[1]/img
For documentation on this error, please visit: https://selenium.dev/exceptions/#no_such_element
Build info: version: '4.0.0', revision: '3a21814679'
System info: host: 'MUMTEST-YOGESH', ip: '192.168.7.202', os.name: 'Windows 10', os.arch: 'amd64', os.version: '10.0', java.version: '11.0.13'
Driver info: driver.version: RemoteWebDriver]]>
            </message>
            <full-stacktrace>
              <![CDATA[org.openqa.selenium.NoSuchElementException: Unable to find element with locator By.xpath: //*[@id="rc-imageselect-target"]/table/tbody/tr[4]/td[1]/div/div[1]/img
For documentation on this error, please visit: https://selenium.dev/exceptions/#no_such_element
Build info: version: '4.0.0', revision: '3a21814679'
System info: host: 'MUMTEST-YOGESH', ip: '192.168.7.202', os.name: 'Windows 10', os.arch: 'amd64', os.version: '10.0', java.version: '11.0.13'
Driver info: driver.version: RemoteWebDriver
at org.openqa.selenium.remote.ElementLocation$ElementFinder$2.findElement(ElementLocation.java:165)
at org.openqa.selenium.remote.ElementLocation.findElement(ElementLocation.java:60)
at org.openqa.selenium.remote.RemoteWebDriver.findElement(RemoteWebDriver.java:383)
at org.openqa.selenium.remote.RemoteWebDriver.findElement(RemoteWebDriver.java:375)
at Read_Capcha.Handle_Captcha_7.test(Handle_Captcha_7.java:33)
at java.base/jdk.internal.reflect.NativeMethodAccessorImpl.invoke0(Native Method)
at java.base/jdk.internal.reflect.NativeMethodAccessorImpl.invoke(NativeMethodAccessorImpl.java:62)
at java.base/jdk.internal.reflect.DelegatingMethodAccessorImpl.invoke(DelegatingMethodAccessorImpl.java:43)
at java.base/java.lang.reflect.Method.invoke(Method.java:566)
at org.testng.internal.MethodInvocationHelper.invokeMethod(MethodInvocationHelper.java:133)
at org.testng.internal.TestInvoker.invokeMethod(TestInvoker.java:598)
at org.testng.internal.TestInvoker.invokeTestMethod(TestInvoker.java:173)
at org.testng.internal.MethodRunner.runInSequence(MethodRunner.java:46)
at org.testng.internal.TestInvoker$MethodInvocationAgent.invoke(TestInvoker.java:824)
at org.testng.internal.TestInvoker.invokeTestMethods(TestInvoker.java:146)
at org.testng.internal.TestMethodWorker.invokeTestMethods(TestMethodWorker.java:146)
at org.testng.internal.TestMethodWorker.run(TestMethodWorker.java:128)
at java.base/java.util.ArrayList.forEach(ArrayList.java:1541)
at org.testng.TestRunner.privateRun(TestRunner.java:794)
at org.testng.TestRunner.run(TestRunner.java:596)
at org.testng.SuiteRunner.runTest(SuiteRunner.java:377)
at org.testng.SuiteRunner.runSequentially(SuiteRunner.java:371)
at org.testng.SuiteRunner.privateRun(SuiteRunner.java:332)
at org.testng.SuiteRunner.run(SuiteRunner.java:276)
at org.testng.SuiteRunnerWorker.runSuite(SuiteRunnerWorker.java:53)
at org.testng.SuiteRunnerWorker.run(SuiteRunnerWorker.java:96)
at org.testng.TestNG.runSuitesSequentially(TestNG.java:1212)
at org.testng.TestNG.runSuitesLocally(TestNG.java:1134)
at org.testng.TestNG.runSuites(TestNG.java:1063)
at org.testng.TestNG.run(TestNG.java:1031)
at org.apache.maven.surefire.testng.TestNGExecutor.run(TestNGExecutor.java:178)
at org.apache.maven.surefire.testng.TestNGXmlTestSuite.execute(TestNGXmlTestSuite.java:92)
at org.apache.maven.surefire.testng.TestNGProvider.invoke(TestNGProvider.java:96)
at java.base/jdk.internal.reflect.NativeMethodAccessorImpl.invoke0(Native Method)
at java.base/jdk.internal.reflect.NativeMethodAccessorImpl.invoke(NativeMethodAccessorImpl.java:62)
at java.base/jdk.internal.reflect.DelegatingMethodAccessorImpl.invoke(DelegatingMethodAccessorImpl.java:43)
at java.base/java.lang.reflect.Method.invoke(Method.java:566)
at org.apache.maven.surefire.util.ReflectionUtils.invokeMethodWithArray2(ReflectionUtils.java:208)
at org.apache.maven.surefire.booter.ProviderFactory$ProviderProxy.invoke(ProviderFactory.java:159)
at org.apache.maven.surefire.booter.ProviderFactory.invokeProvider(ProviderFactory.java:87)
at org.apache.maven.surefire.booter.ForkedBooter.runSuitesInProcess(ForkedBooter.java:153)
at org.apache.maven.surefire.booter.ForkedBooter.main(ForkedBooter.java:95)
]]>
            </full-stacktrace>
          </exception> <!-- org.openqa.selenium.NoSuchElementException -->
          <reporter-output>
          </reporter-output>
        </test-method> <!-- test -->
      </class> <!-- Read_Capcha.Handle_Captcha_7 -->
      <class name="Read_Capcha.Handle_Capcha_3">
        <test-method signature="test()[pri:0, instance:Read_Capcha.Handle_Capcha_3@65d09a04]" started-at="2022-02-01T14:39:14 IST" name="test" finished-at="2022-02-01T14:39:47 IST" duration-ms="33443" status="PASS">
          <reporter-output>
          </reporter-output>
        </test-method> <!-- test -->
      </class> <!-- Read_Capcha.Handle_Capcha_3 -->
      <class name="Read_Capcha.Handle_Capcha_4">
        <test-method signature="test()[pri:0, instance:Read_Capcha.Handle_Capcha_4@33c911a1]" started-at="2022-02-01T14:39:47 IST" name="test" finished-at="2022-02-01T14:40:43 IST" duration-ms="55766" status="PASS">
          <reporter-output>
          </reporter-output>
        </test-method> <!-- test -->
      </class> <!-- Read_Capcha.Handle_Capcha_4 -->
      <class name="Read_Capcha.Handle_capcha_1">
        <test-method signature="test()[pri:0, instance:Read_Capcha.Handle_capcha_1@5aebe890]" started-at="2022-02-01T14:38:11 IST" name="test" finished-at="2022-02-01T14:39:14 IST" duration-ms="62308" status="PASS">
          <reporter-output>
          </reporter-output>
        </test-method> <!-- test -->
      </class> <!-- Read_Capcha.Handle_capcha_1 -->
      <class name="Read_Capcha.Handle_capcha_6">
        <test-method signature="test()[pri:0, instance:Read_Capcha.Handle_capcha_6@55b0dcab]" started-at="2022-02-01T14:36:09 IST" name="test" finished-at="2022-02-01T14:37:17 IST" duration-ms="67842" status="PASS">
          <reporter-output>
          </reporter-output>
        </test-method> <!-- test -->
      </class> <!-- Read_Capcha.Handle_capcha_6 -->
    </test> <!-- Test -->
  </suite> <!-- Suite -->
</testng-results>
