<?xml version="1.0" encoding="UTF-8"?>
<testsuite name="TestSuite" time="343.12" tests="6" errors="0" skipped="0" failures="1">
  <properties>
[...]
</properties>
  <testcase name="test" classname="Read_Capcha.Handle_capcha_6" time="67.885"/>
  <testcase name="test" classname="Read_Capcha.Handle_Capcha_5" time="54.366"/>
  <testcase name="test" classname="Read_Capcha.Handle_capcha_1" time="62.308"/>
  <testcase name="test" classname="Read_Capcha.Handle_Capcha_3" time="33.444"/>
  <testcase name="test" classname="Read_Capcha.Handle_Capcha_4" time="55.765"/>
  <testcase name="test" classname="Read_Capcha.Handle_Captcha_7" time="69.352">
    <failure message="Unable to find element with locator By.xpath: //*[@id=&quot;rc-imageselect-target&quot;]/table/tbody/tr[4]/td[1]/div/div[1]/img&#10;For documentation on this error, please visit: https://selenium.dev/exceptions/#no_such_element&#10;Build info: version: &apos;4.0.0&apos;, revision: &apos;3a21814679&apos;&#10;System info: host: &apos;MUMTEST-YOGESH&apos;, ip: &apos;192.168.7.202&apos;, os.name: &apos;Windows 10&apos;, os.arch: &apos;amd64&apos;, os.version: &apos;10.0&apos;, java.version: &apos;11.0.13&apos;&#10;Driver info: driver.version: RemoteWebDriver" type="org.openqa.selenium.NoSuchElementException">org.openqa.selenium.NoSuchElementException: Unable to find element with locator By.xpath: //*[@id="rc-imageselect-target"]/table/tbody/tr[4]/td[1]/div/div[1]/img
For documentation on this error, please visit: https://selenium.dev/exceptions/#no_such_element
Build info: version: '4.0.0', revision: '3a21814679'
System info: host: 'MUMTEST-YOGESH', ip: '192.168.7.202', os.name: 'Windows 10', os.arch: 'amd64', os.version: '10.0', java.version: '11.0.13'
Driver info: driver.version: RemoteWebDriver
	at org.openqa.selenium.remote.ElementLocation$ElementFinder$2.findElement(ElementLocation.java:165)
	at org.openqa.selenium.remote.ElementLocation.findElement(ElementLocation.java:60)
	at org.openqa.selenium.remote.RemoteWebDriver.findElement(RemoteWebDriver.java:383)
	at org.openqa.selenium.remote.RemoteWebDriver.findElement(RemoteWebDriver.java:375)
	at Read_Capcha.Handle_Captcha_7.test(Handle_Captcha_7.java:33)
</failure>
    <system-err>Starting ChromeDriver 96.0.4664.45 (76e4c1bb2ab4671b8beba3444e61c0f17584b2fc-refs/branch-heads/4664@{#947}) on port 62645
Only local connections are allowed.
Please see https://chromedriver.chromium.org/security-considerations for suggestions on keeping ChromeDriver safe.
ChromeDriver was started successfully.
[1643706654.124][WARNING]: This version of ChromeDriver has not been tested with Chrome version 97.
Feb 01, 2022 2:40:58 PM org.openqa.selenium.remote.ProtocolHandshake createSession
INFO: Detected dialect: W3C
Feb 01, 2022 2:40:58 PM org.openqa.selenium.devtools.CdpVersionFinder findNearestMatch
WARNING: Unable to find an exact match for CDP version 97, so returning the closest version found: 95
Feb 01, 2022 2:40:58 PM org.openqa.selenium.devtools.CdpVersionFinder findNearestMatch
INFO: Found CDP implementation for version 97 of 95
</system-err>
  </testcase>
</testsuite>