<?xml version="1.0" encoding="UTF-8"?>
<testng-results ignored="0" total="1" passed="1" failed="0" skipped="0">
  <reporter-output>
  </reporter-output>
  <suite started-at="2022-01-27T12:44:49 IST" name="Default suite" finished-at="2022-01-27T12:45:51 IST" duration-ms="61736">
    <groups>
    </groups>
    <test started-at="2022-01-27T12:44:49 IST" name="Default test" finished-at="2022-01-27T12:45:51 IST" duration-ms="61736">
      <class name="Read_Capcha.Handle_capcha_1">
        <test-method signature="test()[pri:0, instance:Read_Capcha.Handle_capcha_1@7fee8714]" started-at="2022-01-27T12:44:49 IST" name="test" finished-at="2022-01-27T12:45:51 IST" duration-ms="61686" status="PASS">
          <reporter-output>
          </reporter-output>
        </test-method> <!-- test -->
      </class> <!-- Read_Capcha.Handle_capcha_1 -->
    </test> <!-- Default test -->
  </suite> <!-- Default suite -->
</testng-results>
